This is pdfTeXk, Version 3.141592-1.40.3 (Web2C 7.5.6) (format=latex 2009.1.16)  5 JUN 2009 15:56
entering extended mode
 %&-line parsing enabled.
**INSTALL.tex
(./INSTALL.tex
LaTeX2e <2005/12/01>
Babel <v3.8h> and hyphenation patterns for english, usenglishmax, dumylang, noh
yphenation, loaded.
(/usr/share/texmf-texlive/tex/latex/base/article.cls
Document Class: article 2005/09/16 v1.4f Standard LaTeX document class
(/usr/share/texmf-texlive/tex/latex/base/size10.clo
File: size10.clo 2005/09/16 v1.4f Standard LaTeX file (size option)
)
\c@part=\count79
\c@section=\count80
\c@subsection=\count81
\c@subsubsection=\count82
\c@paragraph=\count83
\c@subparagraph=\count84
\c@figure=\count85
\c@table=\count86
\abovecaptionskip=\skip41
\belowcaptionskip=\skip42
\bibindent=\dimen102
)
No file INSTALL.aux.
\openout1 = `INSTALL.aux'.

LaTeX Font Info:    Checking defaults for OML/cmm/m/it on input line 2.
LaTeX Font Info:    ... okay on input line 2.
LaTeX Font Info:    Checking defaults for T1/cmr/m/n on input line 2.
LaTeX Font Info:    ... okay on input line 2.
LaTeX Font Info:    Checking defaults for OT1/cmr/m/n on input line 2.
LaTeX Font Info:    ... okay on input line 2.
LaTeX Font Info:    Checking defaults for OMS/cmsy/m/n on input line 2.
LaTeX Font Info:    ... okay on input line 2.
LaTeX Font Info:    Checking defaults for OMX/cmex/m/n on input line 2.
LaTeX Font Info:    ... okay on input line 2.
LaTeX Font Info:    Checking defaults for U/cmr/m/n on input line 2.
LaTeX Font Info:    ... okay on input line 2.

Underfull \hbox (badness 10000) in paragraph at lines 29--29

 []


Underfull \hbox (badness 10000) in paragraph at lines 29--29

 []


Underfull \hbox (badness 10000) in paragraph at lines 29--29

 []


Underfull \hbox (badness 10000) in paragraph at lines 29--29

 []


Underfull \hbox (badness 1331) in paragraph at lines 29--29
\OT1/cmr/bx/n/10 After some time you should find the file \OT1/cmtt/m/n/10 a.ou
t \OT1/cmr/bx/n/10 has been
 []

LaTeX Font Info:    External font `cmex10' loaded for size
(Font)              <7> on input line 29.
LaTeX Font Info:    External font `cmex10' loaded for size
(Font)              <5> on input line 29.
LaTeX Font Info:    Try loading font information for OMS+cmr on input line 36.
(/usr/share/texmf-texlive/tex/latex/base/omscmr.fd
File: omscmr.fd 1999/05/25 v2.5h Standard LaTeX font definitions
)
LaTeX Font Info:    Font shape `OMS/cmr/m/n' in size <10> not available
(Font)              Font shape `OMS/cmsy/m/n' tried instead on input line 36.

Overfull \hbox (0.24724pt too wide) in paragraph at lines 40--40
 []      \OT1/cmtt/m/n/10 OPEN(UNIT=file,ACCESS='DIRECT',RECL=record_length, ..
.)[] 
 []


LaTeX Warning: Reference `iord' on page 1 undefined on input line 53.


Overfull \hbox (5.97246pt too wide) in paragraph at lines 51--54
[]\OT1/cmr/m/n/10 The mode of stor-age of (par-tic-u-larly) char-ac-ters in var
i-ables of type \OT1/cmtt/m/n/10 INTEGER
 []

[1

] [2] (./INSTALL.aux)

LaTeX Warning: There were undefined references.

 ) 
Here is how much of TeX's memory you used:
 236 strings out of 95087
 2623 string characters out of 1183278
 47944 words of memory out of 1500000
 3486 multiletter control sequences out of 10000+50000
 5902 words of font info for 22 fonts, out of 1200000 for 2000
 28 hyphenation exceptions out of 8191
 23i,5n,19p,162b,182s stack positions out of 5000i,500n,6000p,200000b,5000s

Output written on INSTALL.dvi (2 pages, 4264 bytes).
