 *******************************************
     gnu80: PORTABLE GAUSSIAN SYSTEM
 *******************************************
  -----------
  # HF/STO-3G 
  -----------
 1//1;
 2//2;
 3/6=3,11=9,25=14,30=1/1,2,3,11,14;
 4/16=1/1;
 5//1,2;
 6//1;
 99//99;
  ------------------------------------------------
  BH3CO STO-3G, Geometry Optimised at 6-31G level     
  ------------------------------------------------
 SYMBOLIC Z-MATRIX
    CHARGE = 0 MULTIPLICITY = 1
 B
 X     1     1. 
 X     1     1.        2     90. 
 H     1     RBH       3     A         2     0.        0
 H     1     RBH       3     A         2     D         0
 H     1     RBH       3     A         2     -D        0
 C     1     RBC       2     90.       3     0.        0
 X     7     1.        1     90.       2     0.        0
 O     7     RCO       8     90.       1     180.      0
      VARIABLES
  RBC                   1.6141                
  RCO                   1.1226                
  RBH                   1.2029                
  A                   104.1335                
  D                   120.                    
 ------------------------------------------------------------------------
                         Z-MATRIX (ANGSTROMS AND DEGREES)
 CD CENT ATOM  N1      LENGTH      N2     ALPHA      N3      BETA       J
 ------------------------------------------------------------------------
  1   1   B 
  2       X     1   1.000000 (  1)
  3       X     1   1.000000 (  2)  2   90.000 (  9)
  4   2   H     1   1.202900 (  3)  3  104.133 ( 10)  2    0.000 ( 16)  0
  5   3   H     1   1.202900 (  4)  3  104.133 ( 11)  2  120.000 ( 17)  0
  6   4   H     1   1.202900 (  5)  3  104.133 ( 12)  2 -120.000 ( 18)  0
  7   5   C     1   1.614100 (  6)  2   90.000 ( 13)  3    0.000 ( 19)  0
  8       X     7   1.000000 (  7)  1   90.000 ( 14)  2    0.000 ( 20)  0
  9   6   O     7   1.122600 (  8)  8   90.000 ( 15)  1  180.000 ( 21)  0
 ------------------------------------------------------------------------
                  Z-MATRIX ORIENTATION:
 ------------------------------------------------------------------------
 CENTER        ATOMIC                  COORDINATES (ANGSTROMS)
 NUMBER        NUMBER               X             Y             Z
 ------------------------------------------------------------------------
    1             5                0.00000000    0.00000000    0.00000000
                 -1                0.00000000    0.00000000    1.00000000
                 -1                1.00000000    0.00000000    0.00000000
    2             1               -0.29372658    0.00000000    1.16648751
    3             1               -0.29372658    1.01020782   -0.58324375
    4             1               -0.29372658   -1.01020782   -0.58324375
    5             6                1.61410000    0.00000000    0.00000000
                 -1                1.61410000    0.00000000    1.00000000
    6             8                2.73670000    0.00000000    0.00000000
 ------------------------------------------------------------------------
                    DISTANCE MATRIX (ANGSTROMS)
              1          2          3          4          5
  1   B   0.000000
  2   H   1.202900   0.000000
  3   H   1.202900   2.020416   0.000000
  4   H   1.202900   2.020416   2.020416   0.000000
  5   C   1.614100   2.236179   2.236179   2.236179   0.000000
  6   O   2.736700   3.247180   3.247180   3.247180   1.122600
              6
  6   O   0.000000
 STOICHIOMETRY    CH3BO
 FRAMEWORK GROUP  C3V<C3(OCB),3SGV(H)>
 DEG. OF FREEDOM    4
                   STANDARD ORIENTATION:
 ------------------------------------------------------------------------
 CENTER        ATOMIC                  COORDINATES (ANGSTROMS)
 NUMBER        NUMBER               X             Y             Z
 ------------------------------------------------------------------------
    1             5                0.00000000    0.00000000    1.39531910
    2             1                0.00000000    1.16648751    1.68904568
    3             1               -1.01020782   -0.58324375    1.68904568
    4             1                1.01020782   -0.58324375    1.68904568
    5             6                0.00000000    0.00000000   -0.21878090
    6             8                0.00000000    0.00000000   -1.34138090
 ------------------------------------------------------------------------
 NUMBER OF SYMMETRY OPERATIONS:  2
 STANDARD BASIS: STO-3G     (S, S=P, 5D, 7F)
  18 BASIS FUNCTIONS       54 PRIMITIVE GAUSSIANS
  11 ALPHA ELECTRONS       11 BETA ELECTRONS
     NUCLEAR REPULSION ENERGY   55.7516703116 HARTREES
 RAFFENETTI 1 INTEGRAL FORMAT.
 TWO-ELECTRON INTEGRAL SYMMETRY IS TURNED ON.
     6300 INTEGRALS PRODUCED FOR A TOTAL OF      6300


 INITIAL GUESS ORBITAL SYMMETRIES.
       OCCUPIED: (A1) (A1) (A1) (A1) (A1) (A1) (E) (E) (E) (E)
                 (A1)
       VIRTUAL:  (E) (E) (E) (E) (A1) (A1) (A1)
 RHF CLOSED SHELL SCF.
 REQUESTED CONVERGENCE ON DENSITY MATRIX=  0.5000E-04 WITHIN  32 CYCLES.
 ITER  ELECTRONIC-ENERGY       CONVERGENCE    EXTRAPOLATION
 ----  -----------------       -----------    -------------
   1
      -0.192702486892522E+03
                                                         
   2
      -0.193027506692549E+03
                                0.3680E-01
   3
      -0.193054279634509E+03
                                0.2990E-01
   4
      -0.193062248903870E+03
                                0.2298E-01
   5
      -0.193069022849494E+03
                                0.1872E-01
                                                 4-POINT.
   6
        (NON-VARIATIONAL)
                                                         
   7
      -0.193079136555335E+03
                                0.2074E-03
   8
      -0.193079137240502E+03
                                0.1435E-03
   9
      -0.193079137515150E+03
                                0.1193E-03
  10
      -0.193079137668973E+03
                                0.9241E-04
                                                 4-POINT.
  11
        (NON-VARIATIONAL)
                                                         
  12
      -0.193079137931408E+03

 SCF DONE:  E(RHF) =  -137.327467620     A.U. AFTER   12 CYCLES
            CONVG  =    0.1835E-06             -V/T =   2.008963
 COMPONENT                      A.U.                   KCAL/MOL
 ---------------------------------------------------------------
 TOTAL                     -137.327467619857          -86175.735
 ELECTRONIC                -193.079137931408         -121161.024
 NUCLEAR REPULSION           55.751670311552           34985.289
 KINETIC                    136.107529051478           85410.199
 POTENTIAL                 -273.434996671335         -171585.934
 ELECTRONIC POTENTIAL      -329.186666982886         -206571.224
 ONE-ELECTRON POTENTIAL    -432.533730280187         -271423.575
 TWO-ELECTRON POTENTIAL     103.347063297301           64852.351
 ORBITAL SYMMETRIES.
       OCCUPIED: (A1) (A1) (A1) (A1) (A1) (A1) (E) (E) (A1) (E)
                 (E)
       VIRTUAL:  (E) (E) (A1) (E) (E) (A1) (A1)
 UNABLE TO DETERMINE ELECTRONIC STATE.
      MOLECULAR ORBITAL COEFFICIENTS
                           1         2         3         4         5
                         (A1)      (A1)      (A1)      (A1)      (A1)
     EIGENVALUES --   -20.55275 -11.26953  -7.33118  -1.55907  -0.82996
   1 1   B  1S         -0.00002   0.00046  -0.98981  -0.00484  -0.11486
   2        2S          0.00066  -0.00451  -0.04306   0.02452   0.22408
   3        2PX         0.00000   0.00000   0.00000   0.00000   0.00000
   4        2PY         0.00000   0.00000   0.00000   0.00000   0.00000
   5        2PZ        -0.00042   0.00353   0.00313  -0.01884  -0.09025
   6 2   H  1S         -0.00009   0.00017   0.00710  -0.00068   0.07918
   7 3   H  1S         -0.00009   0.00017   0.00710  -0.00068   0.07918
   8 4   H  1S         -0.00009   0.00017   0.00710  -0.00068   0.07918
   9 5   C  1S         -0.00034   0.99329  -0.00055  -0.12738  -0.18645
  10        2S          0.00852   0.02833   0.00743   0.23370   0.61927
  11        2PX         0.00000   0.00000   0.00000   0.00000   0.00000
  12        2PY         0.00000   0.00000   0.00000   0.00000   0.00000
  13        2PZ        -0.00784  -0.00286   0.00494  -0.18248   0.15892
  14 6   O  1S         -0.99418  -0.00031   0.00003  -0.22043   0.10664
  15        2S         -0.02784  -0.00565   0.00027   0.75352  -0.49007
  16        2PX         0.00000   0.00000   0.00000   0.00000   0.00000
  17        2PY         0.00000   0.00000   0.00000   0.00000   0.00000
  18        2PZ        -0.00707  -0.00022   0.00015   0.22581   0.36906
                           6         7         8         9        10
                         (A1)       (E)       (E)      (A1)       (E)
     EIGENVALUES --    -0.71684  -0.65344  -0.65344  -0.49368  -0.40307
   1 1   B  1S         -0.13025   0.00000   0.00000   0.12900   0.00000
   2        2S          0.26454   0.00000   0.00000  -0.35388   0.00000
   3        2PX         0.00000  -0.05643   0.00000   0.00000  -0.49133
   4        2PY         0.00000   0.00000   0.05643   0.00000   0.00000
   5        2PZ        -0.04462   0.00000   0.00000  -0.26748   0.00000
   6 2   H  1S          0.11895   0.00000   0.04820  -0.27683   0.00000
   7 3   H  1S          0.11895   0.04175  -0.02410  -0.27683   0.44644
   8 4   H  1S          0.11895  -0.04175  -0.02410  -0.27683  -0.44644
   9 5   C  1S          0.00134   0.00000   0.00000  -0.10507   0.00000
  10        2S          0.05835   0.00000   0.00000   0.46342   0.00000
  11        2PX         0.00000  -0.47403   0.00000   0.00000  -0.03421
  12        2PY         0.00000   0.00000   0.47403   0.00000   0.00000
  13        2PZ         0.40651   0.00000   0.00000   0.35605   0.00000
  14 6   O  1S         -0.08128   0.00000   0.00000   0.00287   0.00000
  15        2S          0.44287   0.00000   0.00000   0.01631   0.00000
  16        2PX         0.00000  -0.75525   0.00000   0.00000   0.21309
  17        2PY         0.00000   0.00000   0.75525   0.00000   0.00000
  18        2PZ        -0.59690   0.00000   0.00000  -0.20984   0.00000
                          11        12        13        14        15
                          (E)       (E)       (E)      (A1)       (E)
     EIGENVALUES --    -0.40307   0.20663   0.20663   0.53437   0.78730
   1 1   B  1S          0.00000   0.00000   0.00000  -0.08666  -0.00001
   2        2S          0.00000   0.00000   0.00000   0.39185   0.00003
   3        2PX         0.00000  -0.00836   0.00000   0.00000   0.00000
   4        2PY         0.49133   0.00000   0.00836   0.00000  -1.18119
   5        2PZ         0.00000   0.00000   0.00000  -1.00842   0.00001
   6 2   H  1S          0.51551   0.00000  -0.23236   0.04319   0.93912
   7 3   H  1S         -0.25775  -0.20123   0.11618   0.04319  -0.46958
   8 4   H  1S         -0.25775   0.20123   0.11618   0.04319  -0.46958
   9 5   C  1S          0.00000   0.00000   0.00000   0.16543   0.00000
  10        2S          0.00000   0.00000   0.00000  -1.10995  -0.00001
  11        2PX         0.00000  -0.90833   0.00000   0.00000   0.00000
  12        2PY         0.03421   0.00000   0.90833   0.00000   0.23105
  13        2PZ         0.00000   0.00000   0.00000  -0.02736   0.00001
  14 6   O  1S          0.00000   0.00000   0.00000  -0.05985   0.00000
  15        2S          0.00000   0.00000   0.00000   0.42751   0.00001
  16        2PX         0.00000   0.66678   0.00000   0.00000   0.00000
  17        2PY        -0.21309   0.00000  -0.66678   0.00000  -0.09587
  18        2PZ         0.00000   0.00000   0.00000   0.46050   0.00001
                          16
                          (E)
     EIGENVALUES --     0.78730
   1 1   B  1S          0.00000
   2        2S          0.00000
   3        2PX        -1.18119
   4        2PY         0.00000
   5        2PZ         0.00000
   6 2   H  1S          0.00000
   7 3   H  1S         -0.81331
   8 4   H  1S          0.81331
   9 5   C  1S          0.00000
  10        2S          0.00000
  11        2PX         0.23105
  12        2PY         0.00000
  13        2PZ         0.00000
  14 6   O  1S          0.00000
  15        2S          0.00000
  16        2PX        -0.09587
  17        2PY         0.00000
  18        2PZ         0.00000
    FULL MULLIKEN POPULATION ANALYSIS.
                           1         2         3         4         5
   1 1   B  1S          2.05310
   2        2S         -0.03412   0.49581
   3        2PX         0.00000   0.00000   0.48917
   4        2PY         0.00000   0.00000   0.00000   0.48917
   5        2PZ         0.00000   0.00000   0.00000   0.00000   0.16412
   6 2   H  1S         -0.00869   0.13782   0.00000   0.24020   0.01456
   7 3   H  1S         -0.00869   0.13782   0.18015   0.06005   0.01456
   8 4   H  1S         -0.00869   0.13782   0.18015   0.06005   0.01456
   9 5   C  1S          0.00000  -0.00071   0.00000   0.00000  -0.00503
  10        2S         -0.00164  -0.00281   0.00000   0.00000   0.13938
  11        2PX         0.00000   0.00000   0.01509   0.00000   0.00000
  12        2PY         0.00000   0.00000   0.00000   0.01509   0.00000
  13        2PZ        -0.00296   0.00796   0.00000   0.00000   0.07832
  14 6   O  1S          0.00000  -0.00001   0.00000   0.00000   0.00001
  15        2S          0.00000   0.00090   0.00000   0.00000  -0.00048
  16        2PX         0.00000   0.00000  -0.00098   0.00000   0.00000
  17        2PY         0.00000   0.00000   0.00000  -0.00098   0.00000
  18        2PZ         0.00000   0.00027   0.00000   0.00000  -0.00435
                           6         7         8         9        10
   6 2   H  1S          0.73035
   7 3   H  1S         -0.00851   0.73035
   8 4   H  1S         -0.00851  -0.00851   0.73035
   9 5   C  1S          0.00013   0.00013   0.00013   2.09731
  10        2S         -0.01215  -0.01215  -0.01215  -0.08231   1.31442
  11        2PX         0.00000   0.00349   0.00349   0.00000   0.00000
  12        2PY         0.00466   0.00116   0.00116   0.00000   0.00000
  13        2PZ        -0.00705  -0.00705  -0.00705   0.00000   0.00000
  14 6   O  1S          0.00000   0.00000   0.00000   0.00000   0.00024
  15        2S          0.00007   0.00007   0.00007  -0.00110  -0.07835
  16        2PX         0.00000  -0.00022  -0.00022   0.00000   0.00000
  17        2PY        -0.00029  -0.00007  -0.00007   0.00000   0.00000
  18        2PZ         0.00017   0.00017   0.00017  -0.01226   0.10404
                          11        12        13        14        15
  11        2PX         0.45176
  12        2PY         0.00000   0.45176
  13        2PZ         0.00000   0.00000   0.70135
  14 6   O  1S          0.00000   0.00000  -0.00507   2.10994
  15        2S          0.00000   0.00000   0.02841  -0.10729   2.01033
  16        2PX         0.17702   0.00000   0.00000   0.00000   0.00000
  17        2PY         0.00000   0.17702   0.00000   0.00000   0.00000
  18        2PZ         0.00000   0.00000   0.18518   0.00000   0.00000
                          16        17        18
  16        2PX         1.23161
  17        2PY         0.00000   1.23161
  18        2PZ         0.00000   0.00000   1.17513
     GROSS ORBITAL CHARGES.
                           1
   1 1   B  1S          1.98830
   2        2S          0.88073
   3        2PX         0.86358
   4        2PY         0.86358
   5        2PZ         0.41565
   6 2   H  1S          1.08273
   7 3   H  1S          1.08273
   8 4   H  1S          1.08273
   9 5   C  1S          1.99630
  10        2S          1.35653
  11        2PX         0.65086
  12        2PY         0.65086
  13        2PZ         0.97204
  14 6   O  1S          1.99782
  15        2S          1.85262
  16        2PX         1.40722
  17        2PY         1.40722
  18        2PZ         1.44851
          CONDENSED TO ATOMS (ALL ELECTRONS)
              1          2          3          4          5          6
  1   B   3.623134   0.383878   0.383878   0.383878   0.242696  -0.005621
  2   H   0.383878   0.730351  -0.008514  -0.008514  -0.014408  -0.000058
  3   H   0.383878  -0.008514   0.730351  -0.008514  -0.014408  -0.000058
  4   H   0.383878  -0.008514  -0.008514   0.730351  -0.014408  -0.000058
  5   C   0.242696  -0.014408  -0.014408  -0.014408   4.851969   0.575129
  6   O  -0.005621  -0.000058  -0.000058  -0.000058   0.575129   7.544048
          TOTAL ATOMIC CHARGES.
              1
  1   B   5.011843
  2   H   1.082735
  3   H   1.082734
  4   H   1.082734
  5   C   5.626571
  6   O   8.113382
 DIPOLE MOMENT (DEBYE): X= 0.0000   Y= 0.0000   Z=-3.1165   TOTAL= 3.1165

 *******************************************************************************
             N A T U R A L   A T O M I C   O R B I T A L   A N D
          N A T U R A L   B O N D   O R B I T A L   A N A L Y S I S
 *******************************************************************************

 Job title: BH3CO STO-3G, Geometry Optimised at 6-31G level                      

 Storage needed:  1068 in NPA,  1391 in NBO (  50000 available)


 NATURAL POPULATIONS:  Natural atomic orbital occupancies 
                                                          
  NAO Atom #  lang   Type(AO)    Occupancy      Energy    
 ---------------------------------------------------------
   1    B  1  s      Cor( 1s)     1.99986      -7.28838
   2    B  1  s      Val( 2s)     0.87361       0.15919
   3    B  1  px     Val( 2p)     0.84536       0.28092
   4    B  1  py     Val( 2p)     0.84536       0.28092
   5    B  1  pz     Val( 2p)     0.50209       0.31493

   6    H  2  s      Val( 1s)     1.10695       0.07312

   7    H  3  s      Val( 1s)     1.10695       0.07312

   8    H  4  s      Val( 1s)     1.10695       0.07312

   9    C  5  s      Cor( 1s)     1.99997     -11.18360
  10    C  5  s      Val( 2s)     1.33921      -0.49512
  11    C  5  px     Val( 2p)     0.61805      -0.04574
  12    C  5  py     Val( 2p)     0.61805      -0.04574
  13    C  5  pz     Val( 2p)     0.88129       0.19732

  14    O  6  s      Cor( 1s)     1.99999     -20.33730
  15    O  6  s      Val( 2s)     1.77287      -1.27621
  16    O  6  px     Val( 2p)     1.43528      -0.39777
  17    O  6  py     Val( 2p)     1.43528      -0.39777
  18    O  6  pz     Val( 2p)     1.51287      -0.41409


 Summary of Natural Population Analysis:                  
                                                          
                                       Natural Population 
               Natural   -----------------------------------------------
    Atom #     Charge        Core      Valence    Rydberg      Total
 -----------------------------------------------------------------------
      B  1   -0.06627      1.99986     3.06641    0.00000     5.06627
      H  2   -0.10695      0.00000     1.10695    0.00000     1.10695
      H  3   -0.10695      0.00000     1.10695    0.00000     1.10695
      H  4   -0.10695      0.00000     1.10695    0.00000     1.10695
      C  5    0.54343      1.99997     3.45661    0.00000     5.45657
      O  6   -0.15630      1.99999     6.15631    0.00000     8.15630
 =======================================================================
   * Total *  0.00000      5.99981    16.00019    0.00000    22.00000

                                 Natural Population      
 --------------------------------------------------------
   Core                       5.99981 ( 99.9969% of   6)
   Valence                   16.00019 (100.0012% of  16)
   Natural Minimal Basis     22.00000 (100.0000% of  22)
   Natural Rydberg Basis      0.00000 (  0.0000% of  22)
 --------------------------------------------------------

    Atom #          Natural Electron Configuration
 ----------------------------------------------------------------------------
      B  1      [core]2s( 0.87)2p( 2.19)
      H  2            1s( 1.11)
      H  3            1s( 1.11)
      H  4            1s( 1.11)
      C  5      [core]2s( 1.34)2p( 2.12)
      O  6      [core]2s( 1.77)2p( 4.38)


 NATURAL BOND ORBITAL ANALYSIS:

                       Occupancies       Lewis Structure    Low   High
           Occ.    -------------------  -----------------   occ   occ
  Cycle   Thresh.   Lewis   Non-Lewis     CR  BD  3C  LP    (L)   (NL)   Dev
 =============================================================================
   1(1)    1.90    21.85406   0.14594      3   7   0   1     0      0    0.03
 -----------------------------------------------------------------------------

 Structure accepted: No low occupancy Lewis orbitals

 --------------------------------------------------------
   Core                      5.99981 ( 99.997% of   6)
   Valence Lewis            15.85425 ( 99.089% of  16)
  ==================       ============================
   Total Lewis              21.85406 ( 99.337% of  22)
  -----------------------------------------------------
   Valence non-Lewis         0.14594 (  0.663% of  22)
   Rydberg non-Lewis         0.00000 (  0.000% of  22)
  ==================       ============================
   Total non-Lewis           0.14594 (  0.663% of  22)
 --------------------------------------------------------


     (Occupancy)   Bond orbital/ Coefficients/ Hybrids
 -------------------------------------------------------------------------------
   1. (1.96104) BD ( 1) B 1- H 2      
                ( 43.59%)   0.6603* B 1 s( 27.40%)p 2.65( 72.60%)
                                        -0.0001  0.5235  0.0000  0.8165  0.2435
                ( 56.41%)   0.7510* H 2 s(100.00%)
                                         1.0000
   2. (1.96104) BD ( 1) B 1- H 3      
                ( 43.59%)   0.6603* B 1 s( 27.40%)p 2.65( 72.60%)
                                        -0.0001  0.5235 -0.7071 -0.4082  0.2435
                ( 56.41%)   0.7510* H 3 s(100.00%)
                                         1.0000
   3. (1.96104) BD ( 1) B 1- H 4      
                ( 43.59%)   0.6603* B 1 s( 27.40%)p 2.65( 72.60%)
                                        -0.0001  0.5235  0.7071 -0.4082  0.2435
                ( 56.41%)   0.7510* H 4 s(100.00%)
                                         1.0000
   4. (1.97933) BD ( 1) B 1- C 5      
                ( 24.81%)   0.4981* B 1 s( 17.79%)p 4.62( 82.21%)
                                         0.0000  0.4218  0.0000  0.0000 -0.9067
                ( 75.19%)   0.8671* C 5 s( 59.73%)p 0.67( 40.27%)
                                         0.0000  0.7729  0.0000  0.0000  0.6346
   5. (1.99840) BD ( 2) C 5- O 6      
                ( 28.97%)   0.5383* C 5 s(  0.00%)p 1.00(100.00%)
                                         0.0000  0.0000  1.0000  0.0000  0.0000
                ( 71.03%)   0.8428* O 6 s(  0.00%)p 1.00(100.00%)
                                         0.0000  0.0000  1.0000  0.0000  0.0000
   6. (1.99840) BD ( 3) C 5- O 6      
                ( 28.97%)   0.5383* C 5 s(  0.00%)p 1.00(100.00%)
                                         0.0000  0.0000  0.0000  1.0000  0.0000
                ( 71.03%)   0.8428* O 6 s(  0.00%)p 1.00(100.00%)
                                         0.0000  0.0000  0.0000  1.0000  0.0000
   7. (1.99660) BD ( 1) C 5- O 6      
                ( 35.89%)   0.5991* C 5 s( 40.27%)p 1.48( 59.73%)
                                         0.0000 -0.6346  0.0000  0.0000  0.7729
                ( 64.11%)   0.8007* O 6 s( 31.72%)p 2.15( 68.28%)
                                         0.0000 -0.5632  0.0000  0.0000 -0.8263
   8. (1.99986) CR ( 1) B 1             s(100.00%)
                                         1.0000  0.0001  0.0000  0.0000  0.0001
   9. (1.99997) CR ( 1) C 5             s(100.00%)
                                         1.0000  0.0000  0.0000  0.0000  0.0000
  10. (1.99999) CR ( 1) O 6             s(100.00%)
                                         1.0000  0.0000  0.0000  0.0000  0.0000
  11. (1.99839) LP ( 1) O 6             s( 68.28%)p 0.46( 31.72%)
                                         0.0000  0.8263  0.0000  0.0000 -0.5632
  12. (0.00188) BD*( 1) B 1- H 2      
                ( 56.41%)   0.7510* B 1 s( 27.40%)p 2.65( 72.60%)
                                        -0.0001  0.5235  0.0000  0.8165  0.2435
                ( 43.59%)  -0.6603* H 2 s(100.00%)
                                         1.0000
  13. (0.00188) BD*( 1) B 1- H 3      
                ( 56.41%)   0.7510* B 1 s( 27.40%)p 2.65( 72.60%)
                                        -0.0001  0.5235 -0.7071 -0.4082  0.2435
                ( 43.59%)  -0.6603* H 3 s(100.00%)
                                         1.0000
  14. (0.00188) BD*( 1) B 1- H 4      
                ( 56.41%)   0.7510* B 1 s( 27.40%)p 2.65( 72.60%)
                                        -0.0001  0.5235  0.7071 -0.4082  0.2435
                ( 43.59%)  -0.6603* H 4 s(100.00%)
                                         1.0000
  15. (0.00976) BD*( 1) B 1- C 5      
                ( 75.19%)   0.8671* B 1 s( 17.79%)p 4.62( 82.21%)
                                         0.0000  0.4218  0.0000  0.0000 -0.9067
                ( 24.81%)  -0.4981* C 5 s( 59.73%)p 0.67( 40.27%)
                                         0.0000  0.7729  0.0000  0.0000  0.6346
  16. (0.05494) BD*( 2) C 5- O 6      
                ( 71.03%)   0.8428* C 5 s(  0.00%)p 1.00(100.00%)
                                         0.0000  0.0000  1.0000  0.0000  0.0000
                ( 28.97%)  -0.5383* O 6 s(  0.00%)p 1.00(100.00%)
                                         0.0000  0.0000  1.0000  0.0000  0.0000
  17. (0.05494) BD*( 3) C 5- O 6      
                ( 71.03%)   0.8428* C 5 s(  0.00%)p 1.00(100.00%)
                                         0.0000  0.0000  0.0000  1.0000  0.0000
                ( 28.97%)  -0.5383* O 6 s(  0.00%)p 1.00(100.00%)
                                         0.0000  0.0000  0.0000  1.0000  0.0000
  18. (0.02067) BD*( 1) C 5- O 6      
                ( 64.11%)   0.8007* C 5 s( 40.27%)p 1.48( 59.73%)
                                         0.0000 -0.6346  0.0000  0.0000  0.7729
                ( 35.89%)  -0.5991* O 6 s( 31.72%)p 2.15( 68.28%)
                                         0.0000 -0.5632  0.0000  0.0000 -0.8263


 NHO Directionality and "Bond Bending" (deviations from line of nuclear centers)

         [Thresholds for printing:  angular deviation  >  1.0 degree]
                                    hybrid p-character > 25.0%
                                    orbital occupancy  >  0.10e

                       Line of Centers        Hybrid 1              Hybrid 2
                       ---------------  -------------------   ------------------
           NBO           Theta   Phi    Theta   Phi    Dev    Theta   Phi    Dev
 ===============================================================================
   1. BD ( 1) B 1- H 2    75.9   90.0    73.4   90.0   2.5      --     --    --
   2. BD ( 1) B 1- H 3    75.9  210.0    73.4  210.0   2.5      --     --    --
   3. BD ( 1) B 1- H 4    75.9  330.0    73.4  330.0   2.5      --     --    --
   5. BD ( 2) C 5- O 6   180.0    0.0    90.0    0.0  90.0     90.0    0.0  90.0
   6. BD ( 3) C 5- O 6   180.0    0.0    90.0   90.0  90.0     90.0   90.0  90.0
  11. LP ( 1) O 6          --     --    180.0    0.0   --       --     --    --


 Second Order Perturbation Theory Analysis of Fock Matrix in NBO Basis

     Threshold for printing:   0.50 kcal/mol
                                                          E(2)  E(j)-E(i) F(i,j)
      Donor NBO (i)              Acceptor NBO (j)       kcal/mol   a.u.    a.u. 
 ===============================================================================

 within unit  1
   1. BD ( 1) B 1- H 2     / 15. BD*( 1) B 1- C 5         1.21    1.13    0.033
   1. BD ( 1) B 1- H 2     / 17. BD*( 3) C 5- O 6        13.15    0.67    0.084
   2. BD ( 1) B 1- H 3     / 15. BD*( 1) B 1- C 5         1.21    1.13    0.033
   2. BD ( 1) B 1- H 3     / 16. BD*( 2) C 5- O 6         9.86    0.67    0.073
   2. BD ( 1) B 1- H 3     / 17. BD*( 3) C 5- O 6         3.29    0.67    0.042
   3. BD ( 1) B 1- H 4     / 15. BD*( 1) B 1- C 5         1.21    1.13    0.033
   3. BD ( 1) B 1- H 4     / 16. BD*( 2) C 5- O 6         9.86    0.67    0.073
   3. BD ( 1) B 1- H 4     / 17. BD*( 3) C 5- O 6         3.29    0.67    0.042
   4. BD ( 1) B 1- C 5     / 12. BD*( 1) B 1- H 2         0.94    1.53    0.034
   4. BD ( 1) B 1- C 5     / 13. BD*( 1) B 1- H 3         0.94    1.53    0.034
   4. BD ( 1) B 1- C 5     / 14. BD*( 1) B 1- H 4         0.94    1.53    0.034
   4. BD ( 1) B 1- C 5     / 15. BD*( 1) B 1- C 5         0.51    1.41    0.024
   4. BD ( 1) B 1- C 5     / 18. BD*( 1) C 5- O 6        18.48    1.69    0.158
   5. BD ( 2) C 5- O 6     / 13. BD*( 1) B 1- H 3         0.70    1.43    0.028
   5. BD ( 2) C 5- O 6     / 14. BD*( 1) B 1- H 4         0.70    1.43    0.028
   6. BD ( 3) C 5- O 6     / 12. BD*( 1) B 1- H 2         0.94    1.43    0.033
   7. BD ( 1) C 5- O 6     / 15. BD*( 1) B 1- C 5         3.28    2.12    0.075
   8. CR ( 1) B 1          / 15. BD*( 1) B 1- C 5         0.63    7.95    0.063
  11. LP ( 1) O 6          / 15. BD*( 1) B 1- C 5         0.89    1.76    0.035


 Natural Bond Orbitals (Summary):

                                                     Principal Delocalizations
           NBO              Occupancy    Energy      (geminal,vicinal,remote)
 ===============================================================================
 Molecular unit  1  (CH3BO)
   1. BD ( 1) B 1- H 2       1.96104    -0.46581    17(v),15(g)
   2. BD ( 1) B 1- H 3       1.96104    -0.46581    16(v),17(v),15(g)
   3. BD ( 1) B 1- H 4       1.96104    -0.46581    16(v),17(v),15(g)
   4. BD ( 1) B 1- C 5       1.97933    -0.74462    18(g),12(g),13(g),14(g)
                                                    15(g)
   5. BD ( 2) C 5- O 6       1.99840    -0.64734    13(v),14(v)
   6. BD ( 3) C 5- O 6       1.99840    -0.64734    12(v)
   7. BD ( 1) C 5- O 6       1.99660    -1.45789    15(g)
   8. CR ( 1) B 1            1.99986    -7.28848    15(g)
   9. CR ( 1) C 5            1.99997   -11.18360
  10. CR ( 1) O 6            1.99999   -20.33741
  11. LP ( 1) O 6            1.99839    -1.09892    15(v)
  12. BD*( 1) B 1- H 2       0.00188     0.78663
  13. BD*( 1) B 1- H 3       0.00188     0.78663
  14. BD*( 1) B 1- H 4       0.00188     0.78663
  15. BD*( 1) B 1- C 5       0.00976     0.66309
  16. BD*( 2) C 5- O 6       0.05494     0.20383
  17. BD*( 3) C 5- O 6       0.05494     0.20383
  18. BD*( 1) C 5- O 6       0.02067     0.94331
       -------------------------------
              Total Lewis   21.85406  ( 99.3367%)
        Valence non-Lewis    0.14594  (  0.6633%)
        Rydberg non-Lewis    0.00000  (  0.0000%)
       -------------------------------
            Total unit  1   22.00000  (100.0000%)
           Charge unit  1    0.00000


 **** End of gnu80 Job Step *****
